<?xml version="1.0" encoding="UTF-8"?>
<testsuites name="Mocha Tests" time="4.6510" tests="1" failures="0">
  <testsuite name="Root Suite" timestamp="2022-09-30T21:06:25" tests="0" file="cypress\e2e\cucumber-test\Suites\US01 Dar de alta un usuario\US01-TS01-TC01.feature" time="0.0000" failures="0">
  </testsuite>
  <testsuite name="Dar de alta un usuario." timestamp="2022-09-30T21:06:26" tests="1" time="4.5930" failures="0">
    <testcase name="US01|TS01|TC01 Usuario se registra en la website exitosamente (example #1)" time="4.6090" classname="Dar de alta un usuario. US01|TS01|TC01 Usuario se registra en la website exitosamente (example #1)">
    </testcase>
  </testsuite>
</testsuites>