<?xml version="1.0" encoding="UTF-8"?>
<testsuites name="Mocha Tests" time="13.4410" tests="3" failures="0">
  <testsuite name="Root Suite" timestamp="2022-08-29T18:24:09" tests="0" file="cypress\e2e\test\Suites\GX-203\Elements.RadioButtons.cy.js" time="0.0000" failures="0">
  </testsuite>
  <testsuite name="ToolsQA | Elements | Radio Buttons" timestamp="2022-08-29T18:24:09" tests="3" time="13.4150" failures="0">
    <testcase name="US 203 | TC 01 - Validar seleccionar el RB cuando la opción está habilitada (Yes)." time="7.9550" classname="ToolsQA | Elements | Radio Buttons US 203 | TC 01 - Validar seleccionar el RB cuando la opción está habilitada (Yes).">
    </testcase>
    <testcase name="US 203 | TC 02 - Validar seleccionar el RB cuando la opción está habilitada (Impressive)." time="2.7030" classname="ToolsQA | Elements | Radio Buttons US 203 | TC 02 - Validar seleccionar el RB cuando la opción está habilitada (Impressive).">
    </testcase>
    <testcase name="US 203 | TC 03 - Validar NO seleccionar el RB cuando la opción está desahabilitada (No)." time="2.6820" classname="ToolsQA | Elements | Radio Buttons US 203 | TC 03 - Validar NO seleccionar el RB cuando la opción está desahabilitada (No).">
    </testcase>
  </testsuite>
</testsuites>