<?xml version="1.0" encoding="UTF-8"?>
<testsuites name="Mocha Tests" time="12.6840" tests="3" failures="0">
  <testsuite name="Root Suite" timestamp="2022-09-09T16:57:16" tests="0" file="cypress\e2e\test\Suites\GX-367\AlertFrameWindow.cy.js" time="0.0000" failures="0">
  </testsuite>
  <testsuite name="US 107 : ToolsQA | Alert-Frame-Window | Browser Windows" timestamp="2022-09-09T16:57:16" tests="3" time="12.6720" failures="0">
    <testcase name="US 107 | TS 261 | TC 01 - Validate a new browser tab window to click the button named New Tab" time="7.0300" classname="US 107 : ToolsQA | Alert-Frame-Window | Browser Windows US 107 | TS 261 | TC 01 - Validate a new browser tab window to click the button named New Tab">
    </testcase>
    <testcase name="US 107 | TS 261 | TC 02 - Validate handling a new pop-up window by clicking on the button named New Window" time="3.7980" classname="US 107 : ToolsQA | Alert-Frame-Window | Browser Windows US 107 | TS 261 | TC 02 - Validate handling a new pop-up window by clicking on the button named New Window">
    </testcase>
    <testcase name="US 107 | TS 261 | TC 03 - Validate handling a new pop-up window message by clicking on the button named New Window Message" time="1.8020" classname="US 107 : ToolsQA | Alert-Frame-Window | Browser Windows US 107 | TS 261 | TC 03 - Validate handling a new pop-up window message by clicking on the button named New Window Message">
    </testcase>
  </testsuite>
</testsuites>